
.____        _______________   ____
|    |    ___\__    ___/\   \ /   /
|    |  _/ __ \|    |    \   Y   /
|    |__\  ___/|    |     \     /
|_______ \___  >____|      \___/
        \/   \/

::: Project (version:) :::             ＼(^O^)／    Spring-Boot 1.4.1.RELEASE
2017-09-07 14:58:13.171  INFO 55009 --- [           main] BootStrap                                : Starting BootStrap on meijunjiedeMacBook-Pro.local with PID 55009 (/Users/leeco/Downloads/redis-monitor/target/redis-monitor-0.0.1-SNAPSHOT.jar started by leeco in /Users/leeco/Downloads/redis-monitor)
2017-09-07 14:58:13.175  INFO 55009 --- [           main] BootStrap                                : No active profile set, falling back to default profiles: default
2017-09-07 14:58:13.243  INFO 55009 --- [           main] ationConfigEmbeddedWebApplicationContext : Refreshing org.springframework.boot.context.embedded.AnnotationConfigEmbeddedWebApplicationContext@6438a396: startup date [Thu Sep 07 14:58:13 CST 2017]; root of context hierarchy
2017-09-07 14:58:14.450  INFO 55009 --- [           main] o.s.b.f.s.DefaultListableBeanFactory     : Overriding bean definition for bean 'ignoredPathsWebSecurityConfigurerAdapter' with a different definition: replacing [Root bean: class [null]; scope=; abstract=false; lazyInit=false; autowireMode=3; dependencyCheck=0; autowireCandidate=true; primary=false; factoryBeanName=org.springframework.boot.autoconfigure.security.SpringBootWebSecurityConfiguration; factoryMethodName=ignoredPathsWebSecurityConfigurerAdapter; initMethodName=null; destroyMethodName=(inferred); defined in class path resource [org/springframework/boot/autoconfigure/security/SpringBootWebSecurityConfiguration.class]] with [Root bean: class [null]; scope=; abstract=false; lazyInit=false; autowireMode=3; dependencyCheck=0; autowireCandidate=true; primary=false; factoryBeanName=org.springframework.boot.actuate.autoconfigure.ManagementWebSecurityAutoConfiguration; factoryMethodName=ignoredPathsWebSecurityConfigurerAdapter; initMethodName=null; destroyMethodName=(inferred); defined in class path resource [org/springframework/boot/actuate/autoconfigure/ManagementWebSecurityAutoConfiguration.class]]
2017-09-07 14:58:14.630  INFO 55009 --- [           main] .s.d.r.c.RepositoryConfigurationDelegate : Multiple Spring Data modules found, entering strict repository configuration mode!
2017-09-07 14:58:14.645  WARN 55009 --- [           main] o.s.b.a.AutoConfigurationPackages        : @EnableAutoConfiguration was declared on a class in the default package. Automatic @Repository and @Entity scanning is not enabled.
2017-09-07 14:58:15.329  INFO 55009 --- [           main] s.b.c.e.t.TomcatEmbeddedServletContainer : Tomcat initialized with port(s): 8089 (http)
2017-09-07 14:58:15.341  INFO 55009 --- [           main] o.apache.catalina.core.StandardService   : Starting service Tomcat
2017-09-07 14:58:15.342  INFO 55009 --- [           main] org.apache.catalina.core.StandardEngine  : Starting Servlet Engine: Apache Tomcat/8.5.5
2017-09-07 14:58:15.404  INFO 55009 --- [ost-startStop-1] o.a.c.c.C.[Tomcat].[localhost].[/]       : Initializing Spring embedded WebApplicationContext
2017-09-07 14:58:15.404  INFO 55009 --- [ost-startStop-1] o.s.web.context.ContextLoader            : Root WebApplicationContext: initialization completed in 2164 ms
2017-09-07 14:58:15.635  INFO 55009 --- [ost-startStop-1] o.s.b.w.servlet.FilterRegistrationBean   : Mapping filter: 'metricsFilter' to: [/*]
2017-09-07 14:58:15.636  INFO 55009 --- [ost-startStop-1] o.s.b.w.servlet.FilterRegistrationBean   : Mapping filter: 'characterEncodingFilter' to: [/*]
2017-09-07 14:58:15.636  INFO 55009 --- [ost-startStop-1] o.s.b.w.servlet.FilterRegistrationBean   : Mapping filter: 'hiddenHttpMethodFilter' to: [/*]
2017-09-07 14:58:15.636  INFO 55009 --- [ost-startStop-1] o.s.b.w.servlet.FilterRegistrationBean   : Mapping filter: 'httpPutFormContentFilter' to: [/*]
2017-09-07 14:58:15.636  INFO 55009 --- [ost-startStop-1] o.s.b.w.servlet.FilterRegistrationBean   : Mapping filter: 'requestContextFilter' to: [/*]
2017-09-07 14:58:15.637  INFO 55009 --- [ost-startStop-1] .s.DelegatingFilterProxyRegistrationBean : Mapping filter: 'springSecurityFilterChain' to: [/*]
2017-09-07 14:58:15.637  INFO 55009 --- [ost-startStop-1] o.s.b.w.servlet.FilterRegistrationBean   : Mapping filter: 'webRequestLoggingFilter' to: [/*]
2017-09-07 14:58:15.637  INFO 55009 --- [ost-startStop-1] o.s.b.w.servlet.FilterRegistrationBean   : Mapping filter: 'applicationContextIdFilter' to: [/*]
2017-09-07 14:58:15.638  INFO 55009 --- [ost-startStop-1] o.s.b.w.servlet.ServletRegistrationBean  : Mapping servlet: 'dispatcherServlet' to [/]
2017-09-07 14:58:15.726  INFO 55009 --- [           main] o.s.w.s.v.velocity.VelocityConfigurer    : ClasspathResourceLoader with name 'springMacro' added to configured VelocityEngine
2017-09-07 14:58:15.735  INFO 55009 --- [           main] o.s.ui.velocity.SpringResourceLoader     : SpringResourceLoader for Velocity: using resource loader [org.springframework.boot.context.embedded.AnnotationConfigEmbeddedWebApplicationContext@6438a396: startup date [Thu Sep 07 14:58:13 CST 2017]; root of context hierarchy] and resource loader paths [classpath:templates/]
2017-09-07 14:58:16.093  INFO 55009 --- [           main] s.w.s.m.m.a.RequestMappingHandlerAdapter : Looking for @ControllerAdvice: org.springframework.boot.context.embedded.AnnotationConfigEmbeddedWebApplicationContext@6438a396: startup date [Thu Sep 07 14:58:13 CST 2017]; root of context hierarchy
2017-09-07 14:58:16.156  INFO 55009 --- [           main] s.w.s.m.m.a.RequestMappingHandlerMapping : Mapped "{[/errors],produces=[text/html]}" onto public java.lang.Object com.bee.redisflag.controller.ErrorController.error4Html(javax.servlet.http.HttpServletRequest)
2017-09-07 14:58:16.157  INFO 55009 --- [           main] s.w.s.m.m.a.RequestMappingHandlerMapping : Mapped "{[/errors]}" onto public java.lang.Object com.bee.redisflag.controller.ErrorController.error4Ajax(javax.servlet.http.HttpServletRequest)
2017-09-07 14:58:16.158  INFO 55009 --- [           main] s.w.s.m.m.a.RequestMappingHandlerMapping : Mapped "{[/monitor/{node:.*}],produces=[text/html]}" onto public java.lang.Object com.bee.redisflag.controller.MonitorController.monitor(java.lang.String)
2017-09-07 14:58:16.158  INFO 55009 --- [           main] s.w.s.m.m.a.RequestMappingHandlerMapping : Mapped "{[/clusters]}" onto public org.springframework.web.servlet.ModelAndView com.bee.redisflag.controller.MonitorController.clusters()
2017-09-07 14:58:16.158  INFO 55009 --- [           main] s.w.s.m.m.a.RequestMappingHandlerMapping : Mapped "{[/monitor/{node:.*}]}" onto public java.lang.Object com.bee.redisflag.controller.MonitorController.monitorData(java.lang.String) throws java.io.IOException
2017-09-07 14:58:16.159  INFO 55009 --- [           main] s.w.s.m.m.a.RequestMappingHandlerMapping : Mapped "{[/slowlog/{node:.*}],produces=[text/html]}" onto public java.lang.Object com.bee.redisflag.controller.MonitorController.slowlog(java.lang.String)
2017-09-07 14:58:16.159  INFO 55009 --- [           main] s.w.s.m.m.a.RequestMappingHandlerMapping : Mapped "{[/config/{node:.*}],produces=[text/html]}" onto public java.lang.Object com.bee.redisflag.controller.MonitorController.config(java.lang.String)
2017-09-07 14:58:16.161  INFO 55009 --- [           main] s.w.s.m.m.a.RequestMappingHandlerMapping : Mapped "{[/error]}" onto public org.springframework.http.ResponseEntity<java.util.Map<java.lang.String, java.lang.Object>> org.springframework.boot.autoconfigure.web.BasicErrorController.error(javax.servlet.http.HttpServletRequest)
2017-09-07 14:58:16.161  INFO 55009 --- [           main] s.w.s.m.m.a.RequestMappingHandlerMapping : Mapped "{[/error],produces=[text/html]}" onto public org.springframework.web.servlet.ModelAndView org.springframework.boot.autoconfigure.web.BasicErrorController.errorHtml(javax.servlet.http.HttpServletRequest,javax.servlet.http.HttpServletResponse)
2017-09-07 14:58:16.179  INFO 55009 --- [           main] o.s.w.s.handler.SimpleUrlHandlerMapping  : Root mapping to handler of type [class org.springframework.web.servlet.mvc.ParameterizableViewController]
2017-09-07 14:58:16.194  INFO 55009 --- [           main] o.s.w.s.handler.SimpleUrlHandlerMapping  : Mapped URL path [/webjars/**] onto handler of type [class org.springframework.web.servlet.resource.ResourceHttpRequestHandler]
2017-09-07 14:58:16.194  INFO 55009 --- [           main] o.s.w.s.handler.SimpleUrlHandlerMapping  : Mapped URL path [/**] onto handler of type [class org.springframework.web.servlet.resource.ResourceHttpRequestHandler]
2017-09-07 14:58:16.197  INFO 55009 --- [           main] o.s.w.s.handler.SimpleUrlHandlerMapping  : Mapped URL path [/**] onto handler of type [class org.springframework.web.servlet.resource.DefaultServletHttpRequestHandler]
2017-09-07 14:58:16.235  INFO 55009 --- [           main] o.s.w.s.handler.SimpleUrlHandlerMapping  : Mapped URL path [/**/favicon.ico] onto handler of type [class org.springframework.web.servlet.resource.ResourceHttpRequestHandler]
2017-09-07 14:58:16.704  INFO 55009 --- [           main] o.s.s.web.DefaultSecurityFilterChain     : Creating filter chain: OrRequestMatcher [requestMatchers=[Ant [pattern='/css/**'], Ant [pattern='/js/**'], Ant [pattern='/images/**'], Ant [pattern='/webjars/**'], Ant [pattern='/**/favicon.ico'], Ant [pattern='/error']]], []
2017-09-07 14:58:16.769  INFO 55009 --- [           main] o.s.s.web.DefaultSecurityFilterChain     : Creating filter chain: org.springframework.boot.actuate.autoconfigure.ManagementWebSecurityAutoConfiguration$LazyEndpointPathRequestMatcher@3541cb24, [org.springframework.security.web.context.request.async.WebAsyncManagerIntegrationFilter@2177849e, org.springframework.security.web.context.SecurityContextPersistenceFilter@6497b078, org.springframework.security.web.header.HeaderWriterFilter@609db43b, org.springframework.security.web.authentication.logout.LogoutFilter@5f683daf, org.springframework.security.web.authentication.www.BasicAuthenticationFilter@5939a379, org.springframework.security.web.savedrequest.RequestCacheAwareFilter@53aad5d5, org.springframework.security.web.servletapi.SecurityContextHolderAwareRequestFilter@1fb700ee, org.springframework.security.web.authentication.AnonymousAuthenticationFilter@40cb8df7, org.springframework.security.web.session.SessionManagementFilter@1356d4d4, org.springframework.security.web.access.ExceptionTranslationFilter@87a85e1, org.springframework.security.web.access.intercept.FilterSecurityInterceptor@776b83cc]
2017-09-07 14:58:16.771  INFO 55009 --- [           main] o.s.s.web.DefaultSecurityFilterChain     : Creating filter chain: OrRequestMatcher [requestMatchers=[Ant [pattern='/**']]], [org.springframework.security.web.context.request.async.WebAsyncManagerIntegrationFilter@2abf4075, org.springframework.security.web.context.SecurityContextPersistenceFilter@366647c2, org.springframework.security.web.header.HeaderWriterFilter@55b53d44, org.springframework.security.web.authentication.logout.LogoutFilter@865dd6, org.springframework.security.web.authentication.www.BasicAuthenticationFilter@4da4253, org.springframework.security.web.savedrequest.RequestCacheAwareFilter@6a6afff2, org.springframework.security.web.servletapi.SecurityContextHolderAwareRequestFilter@1649b0e6, org.springframework.security.web.authentication.AnonymousAuthenticationFilter@770d3326, org.springframework.security.web.session.SessionManagementFilter@482bce4f, org.springframework.security.web.access.ExceptionTranslationFilter@5fa07e12, org.springframework.security.web.access.intercept.FilterSecurityInterceptor@6a370f4]
2017-09-07 14:58:17.107  INFO 55009 --- [           main] o.s.j.e.a.AnnotationMBeanExporter        : Registering beans for JMX exposure on startup
2017-09-07 14:58:17.115  INFO 55009 --- [           main] ationConfigEmbeddedWebApplicationContext : Refreshing org.springframework.boot.context.embedded.AnnotationConfigEmbeddedWebApplicationContext@465232e9: startup date [Thu Sep 07 14:58:17 CST 2017]; parent: org.springframework.boot.context.embedded.AnnotationConfigEmbeddedWebApplicationContext@6438a396
2017-09-07 14:58:17.143  INFO 55009 --- [           main] o.s.b.f.s.DefaultListableBeanFactory     : Overriding bean definition for bean 'handlerExceptionResolver' with a different definition: replacing [Root bean: class [null]; scope=; abstract=false; lazyInit=false; autowireMode=3; dependencyCheck=0; autowireCandidate=true; primary=false; factoryBeanName=org.springframework.web.servlet.config.annotation.DelegatingWebMvcConfiguration; factoryMethodName=handlerExceptionResolver; initMethodName=null; destroyMethodName=(inferred); defined in org.springframework.web.servlet.config.annotation.DelegatingWebMvcConfiguration] with [Root bean: class [null]; scope=; abstract=false; lazyInit=false; autowireMode=3; dependencyCheck=0; autowireCandidate=true; primary=false; factoryBeanName=endpointWebMvcChildContextConfiguration; factoryMethodName=compositeHandlerExceptionResolver; initMethodName=null; destroyMethodName=(inferred); defined in org.springframework.boot.actuate.autoconfigure.EndpointWebMvcChildContextConfiguration]
2017-09-07 14:58:17.182  INFO 55009 --- [           main] s.b.c.e.t.TomcatEmbeddedServletContainer : Tomcat initialized with port(s): 8080 (http)
2017-09-07 14:58:17.183  INFO 55009 --- [           main] o.apache.catalina.core.StandardService   : Starting service Tomcat
2017-09-07 14:58:17.183  INFO 55009 --- [           main] org.apache.catalina.core.StandardEngine  : Starting Servlet Engine: Apache Tomcat/8.5.5
2017-09-07 14:58:17.187  INFO 55009 --- [ost-startStop-1] o.a.c.c.C.[Tomcat-1].[localhost].[/]     : Initializing Spring embedded WebApplicationContext
2017-09-07 14:58:17.187  INFO 55009 --- [ost-startStop-1] o.s.web.context.ContextLoader            : Root WebApplicationContext: initialization completed in 72 ms
2017-09-07 14:58:17.198  INFO 55009 --- [ost-startStop-1] o.s.b.w.servlet.ServletRegistrationBean  : Mapping servlet: 'dispatcherServlet' to [/]
2017-09-07 14:58:17.199  INFO 55009 --- [ost-startStop-1] o.s.b.w.servlet.FilterRegistrationBean   : Mapping filter: 'springSecurityFilterChain' to: [/*]
2017-09-07 14:58:17.294  INFO 55009 --- [           main] o.s.b.a.e.mvc.EndpointHandlerMapping     : Mapped "{[/autoconfig || /autoconfig.json],methods=[GET],produces=[application/json]}" onto public java.lang.Object org.springframework.boot.actuate.endpoint.mvc.EndpointMvcAdapter.invoke()
2017-09-07 14:58:17.294  INFO 55009 --- [           main] o.s.b.a.e.mvc.EndpointHandlerMapping     : Mapped "{[/health || /health.json],produces=[application/json]}" onto public java.lang.Object org.springframework.boot.actuate.endpoint.mvc.HealthMvcEndpoint.invoke(java.security.Principal)
2017-09-07 14:58:17.296  INFO 55009 --- [           main] o.s.b.a.e.mvc.EndpointHandlerMapping     : Mapped "{[/custompath || /custompath.json],methods=[POST]}" onto public java.lang.Object org.springframework.boot.actuate.endpoint.mvc.ShutdownMvcEndpoint.invoke()
2017-09-07 14:58:17.297  INFO 55009 --- [           main] o.s.b.a.e.mvc.EndpointHandlerMapping     : Mapped "{[/heapdump || /heapdump.json],methods=[GET],produces=[application/octet-stream]}" onto public void org.springframework.boot.actuate.endpoint.mvc.HeapdumpMvcEndpoint.invoke(boolean,javax.servlet.http.HttpServletRequest,javax.servlet.http.HttpServletResponse) throws java.io.IOException,javax.servlet.ServletException
2017-09-07 14:58:17.297  INFO 55009 --- [           main] o.s.b.a.e.mvc.EndpointHandlerMapping     : Mapped "{[/info || /info.json],methods=[GET],produces=[application/json]}" onto public java.lang.Object org.springframework.boot.actuate.endpoint.mvc.EndpointMvcAdapter.invoke()
2017-09-07 14:58:17.298  INFO 55009 --- [           main] o.s.b.a.e.mvc.EndpointHandlerMapping     : Mapped "{[/beans || /beans.json],methods=[GET],produces=[application/json]}" onto public java.lang.Object org.springframework.boot.actuate.endpoint.mvc.EndpointMvcAdapter.invoke()
2017-09-07 14:58:17.298  INFO 55009 --- [           main] o.s.b.a.e.mvc.EndpointHandlerMapping     : Mapped "{[/trace || /trace.json],methods=[GET],produces=[application/json]}" onto public java.lang.Object org.springframework.boot.actuate.endpoint.mvc.EndpointMvcAdapter.invoke()
2017-09-07 14:58:17.299  INFO 55009 --- [           main] o.s.b.a.e.mvc.EndpointHandlerMapping     : Mapped "{[/dump || /dump.json],methods=[GET],produces=[application/json]}" onto public java.lang.Object org.springframework.boot.actuate.endpoint.mvc.EndpointMvcAdapter.invoke()
2017-09-07 14:58:17.301  INFO 55009 --- [           main] o.s.b.a.e.mvc.EndpointHandlerMapping     : Mapped "{[/env/{name:.*}],methods=[GET],produces=[application/json]}" onto public java.lang.Object org.springframework.boot.actuate.endpoint.mvc.EnvironmentMvcEndpoint.value(java.lang.String)
2017-09-07 14:58:17.301  INFO 55009 --- [           main] o.s.b.a.e.mvc.EndpointHandlerMapping     : Mapped "{[/env || /env.json],methods=[GET],produces=[application/json]}" onto public java.lang.Object org.springframework.boot.actuate.endpoint.mvc.EndpointMvcAdapter.invoke()
2017-09-07 14:58:17.301  INFO 55009 --- [           main] o.s.b.a.e.mvc.EndpointHandlerMapping     : Mapped "{[/configprops || /configprops.json],methods=[GET],produces=[application/json]}" onto public java.lang.Object org.springframework.boot.actuate.endpoint.mvc.EndpointMvcAdapter.invoke()
2017-09-07 14:58:17.303  INFO 55009 --- [           main] o.s.b.a.e.mvc.EndpointHandlerMapping     : Mapped "{[/metrics/{name:.*}],methods=[GET],produces=[application/json]}" onto public java.lang.Object org.springframework.boot.actuate.endpoint.mvc.MetricsMvcEndpoint.value(java.lang.String)
2017-09-07 14:58:17.303  INFO 55009 --- [           main] o.s.b.a.e.mvc.EndpointHandlerMapping     : Mapped "{[/metrics || /metrics.json],methods=[GET],produces=[application/json]}" onto public java.lang.Object org.springframework.boot.actuate.endpoint.mvc.EndpointMvcAdapter.invoke()
2017-09-07 14:58:17.304  INFO 55009 --- [           main] o.s.b.a.e.mvc.EndpointHandlerMapping     : Mapped "{[/mappings || /mappings.json],methods=[GET],produces=[application/json]}" onto public java.lang.Object org.springframework.boot.actuate.endpoint.mvc.EndpointMvcAdapter.invoke()
2017-09-07 14:58:17.316  INFO 55009 --- [           main] s.w.s.m.m.a.RequestMappingHandlerMapping : Mapped "{[/error]}" onto public java.util.Map<java.lang.String, java.lang.Object> org.springframework.boot.actuate.endpoint.mvc.ManagementErrorEndpoint.invoke()
2017-09-07 14:58:17.319  INFO 55009 --- [           main] o.s.w.s.handler.SimpleUrlHandlerMapping  : Root mapping to handler of type [class org.springframework.web.servlet.mvc.ParameterizableViewController]
2017-09-07 14:58:17.322  INFO 55009 --- [           main] o.s.w.s.handler.SimpleUrlHandlerMapping  : Mapped URL path [/webjars/**] onto handler of type [class org.springframework.web.servlet.resource.ResourceHttpRequestHandler]
2017-09-07 14:58:17.322  INFO 55009 --- [           main] o.s.w.s.handler.SimpleUrlHandlerMapping  : Mapped URL path [/**] onto handler of type [class org.springframework.web.servlet.resource.ResourceHttpRequestHandler]
2017-09-07 14:58:17.323  INFO 55009 --- [           main] o.s.w.s.handler.SimpleUrlHandlerMapping  : Mapped URL path [/**] onto handler of type [class org.springframework.web.servlet.resource.DefaultServletHttpRequestHandler]
2017-09-07 14:58:17.341  INFO 55009 --- [           main] s.w.s.m.m.a.RequestMappingHandlerAdapter : Looking for @ControllerAdvice: org.springframework.boot.context.embedded.AnnotationConfigEmbeddedWebApplicationContext@465232e9: startup date [Thu Sep 07 14:58:17 CST 2017]; parent: org.springframework.boot.context.embedded.AnnotationConfigEmbeddedWebApplicationContext@6438a396
2017-09-07 14:58:17.370  INFO 55009 --- [           main] .b.r.c.MyApplicationStartedEventListener : Spring ContextRefreshed!
2017-09-07 14:58:17.370  INFO 55009 --- [           main] c.bee.redisflag.core.SystemInitializer   : Start System Init...
2017-09-07 14:58:17.370  INFO 55009 --- [           main] c.bee.redisflag.core.SystemInitializer   : 初始化Redis集群
2017-09-07 14:58:17.394  INFO 55009 --- [           main] c.bee.redisflag.core.SystemInitializer   : 开始创建Redis连接...
2017-09-07 14:58:17.423  INFO 55009 --- [           main] c.bee.redisflag.core.SystemInitializer   : ping 127.0.0.1:7006:PONG
2017-09-07 14:58:17.425  INFO 55009 --- [           main] c.bee.redisflag.core.SystemInitializer   : ping 127.0.0.1:7004:PONG
2017-09-07 14:58:17.426  INFO 55009 --- [           main] c.bee.redisflag.core.SystemInitializer   : ping 127.0.0.1:7005:PONG
2017-09-07 14:58:17.427  INFO 55009 --- [           main] c.bee.redisflag.core.SystemInitializer   : ping 127.0.0.1:7002:PONG
2017-09-07 14:58:17.428  INFO 55009 --- [           main] c.bee.redisflag.core.SystemInitializer   : ping 127.0.0.1:7003:PONG
2017-09-07 14:58:17.430  INFO 55009 --- [           main] c.bee.redisflag.core.SystemInitializer   : ping 127.0.0.1:7001:PONG
2017-09-07 14:58:17.430  INFO 55009 --- [           main] c.bee.redisflag.core.SystemInitializer   : 初始化导航节点
2017-09-07 14:58:17.479  INFO 55009 --- [           main] s.b.c.e.t.TomcatEmbeddedServletContainer : Tomcat started on port(s): 8080 (http)
2017-09-07 14:58:17.483  INFO 55009 --- [           main] o.s.c.support.DefaultLifecycleProcessor  : Starting beans in phase 0
2017-09-07 14:58:17.548  INFO 55009 --- [           main] .b.r.c.MyApplicationStartedEventListener : Spring ContextRefreshed!
2017-09-07 14:58:17.548  INFO 55009 --- [           main] c.bee.redisflag.core.SystemInitializer   : Start System Init...
2017-09-07 14:58:17.548  INFO 55009 --- [           main] c.bee.redisflag.core.SystemInitializer   : 初始化Redis集群
2017-09-07 14:58:17.548  INFO 55009 --- [           main] c.bee.redisflag.core.SystemInitializer   : 开始创建Redis连接...
2017-09-07 14:58:17.550  INFO 55009 --- [           main] c.bee.redisflag.core.SystemInitializer   : ping 127.0.0.1:7006:PONG
2017-09-07 14:58:17.551  INFO 55009 --- [           main] c.bee.redisflag.core.SystemInitializer   : ping 127.0.0.1:7004:PONG
2017-09-07 14:58:17.553  INFO 55009 --- [           main] c.bee.redisflag.core.SystemInitializer   : ping 127.0.0.1:7005:PONG
2017-09-07 14:58:17.555  INFO 55009 --- [           main] c.bee.redisflag.core.SystemInitializer   : ping 127.0.0.1:7002:PONG
2017-09-07 14:58:17.556  INFO 55009 --- [           main] c.bee.redisflag.core.SystemInitializer   : ping 127.0.0.1:7003:PONG
2017-09-07 14:58:17.558  INFO 55009 --- [           main] c.bee.redisflag.core.SystemInitializer   : ping 127.0.0.1:7001:PONG
2017-09-07 14:58:17.558  INFO 55009 --- [           main] c.bee.redisflag.core.SystemInitializer   : 初始化导航节点
2017-09-07 14:58:17.564  INFO 55009 --- [           main] s.b.c.e.t.TomcatEmbeddedServletContainer : Tomcat started on port(s): 8089 (http)
2017-09-07 14:58:17.567  INFO 55009 --- [           main] BootStrap                                : Started BootStrap in 5.01 seconds (JVM running for 5.479)
2017-09-07 15:02:40.064  INFO 55009 --- [       Thread-6] ationConfigEmbeddedWebApplicationContext : Closing org.springframework.boot.context.embedded.AnnotationConfigEmbeddedWebApplicationContext@6438a396: startup date [Thu Sep 07 14:58:13 CST 2017]; root of context hierarchy
2017-09-07 15:02:40.066  INFO 55009 --- [       Thread-6] c.b.r.c.MyApplicationClosedEventListener : Spring ContextClosed!
2017-09-07 15:02:40.067  INFO 55009 --- [       Thread-6] com.bee.redisflag.core.SystemDestroyer   : Start System destroyed...
2017-09-07 15:02:40.067  INFO 55009 --- [       Thread-6] com.bee.redisflag.core.SystemDestroyer   : org.springframework.boot.context.embedded.AnnotationConfigEmbeddedWebApplicationContext@6438a396: startup date [Thu Sep 07 14:58:13 CST 2017]; root of context hierarchy
2017-09-07 15:02:40.067  INFO 55009 --- [       Thread-6] com.bee.redisflag.core.SystemDestroyer   : 开始释放redis连接...
2017-09-07 15:02:40.070  INFO 55009 --- [       Thread-6] com.bee.redisflag.core.SystemDestroyer   : 127.0.0.1:7006连接已释放
2017-09-07 15:02:40.071  INFO 55009 --- [       Thread-6] com.bee.redisflag.core.SystemDestroyer   : 127.0.0.1:7004连接已释放
2017-09-07 15:02:40.072  INFO 55009 --- [       Thread-6] com.bee.redisflag.core.SystemDestroyer   : 127.0.0.1:7005连接已释放
2017-09-07 15:02:40.072  INFO 55009 --- [       Thread-6] com.bee.redisflag.core.SystemDestroyer   : 127.0.0.1:7002连接已释放
2017-09-07 15:02:40.073  INFO 55009 --- [       Thread-6] com.bee.redisflag.core.SystemDestroyer   : 127.0.0.1:7003连接已释放
2017-09-07 15:02:40.073  INFO 55009 --- [       Thread-6] com.bee.redisflag.core.SystemDestroyer   : 127.0.0.1:7001连接已释放
2017-09-07 15:02:40.074  INFO 55009 --- [       Thread-6] ationConfigEmbeddedWebApplicationContext : Closing org.springframework.boot.context.embedded.AnnotationConfigEmbeddedWebApplicationContext@465232e9: startup date [Thu Sep 07 14:58:17 CST 2017]; parent: org.springframework.boot.context.embedded.AnnotationConfigEmbeddedWebApplicationContext@6438a396
2017-09-07 15:02:40.074  INFO 55009 --- [       Thread-6] c.b.r.c.MyApplicationClosedEventListener : Spring ContextClosed!
2017-09-07 15:02:40.074  INFO 55009 --- [       Thread-6] com.bee.redisflag.core.SystemDestroyer   : Start System destroyed...
2017-09-07 15:02:40.074  INFO 55009 --- [       Thread-6] com.bee.redisflag.core.SystemDestroyer   : org.springframework.boot.context.embedded.AnnotationConfigEmbeddedWebApplicationContext@465232e9: startup date [Thu Sep 07 14:58:17 CST 2017]; parent: org.springframework.boot.context.embedded.AnnotationConfigEmbeddedWebApplicationContext@6438a396
2017-09-07 15:02:40.074  INFO 55009 --- [       Thread-6] com.bee.redisflag.core.SystemDestroyer   : 开始释放redis连接...
2017-09-07 15:02:40.074  INFO 55009 --- [       Thread-6] com.bee.redisflag.core.SystemDestroyer   : 127.0.0.1:7006连接已释放
2017-09-07 15:02:40.074  INFO 55009 --- [       Thread-6] com.bee.redisflag.core.SystemDestroyer   : 127.0.0.1:7004连接已释放
2017-09-07 15:02:40.074  INFO 55009 --- [       Thread-6] com.bee.redisflag.core.SystemDestroyer   : 127.0.0.1:7005连接已释放
2017-09-07 15:02:40.074  INFO 55009 --- [       Thread-6] com.bee.redisflag.core.SystemDestroyer   : 127.0.0.1:7002连接已释放
2017-09-07 15:02:40.074  INFO 55009 --- [       Thread-6] com.bee.redisflag.core.SystemDestroyer   : 127.0.0.1:7003连接已释放
2017-09-07 15:02:40.074  INFO 55009 --- [       Thread-6] com.bee.redisflag.core.SystemDestroyer   : 127.0.0.1:7001连接已释放
2017-09-07 15:02:40.145  INFO 55009 --- [       Thread-6] o.s.c.support.DefaultLifecycleProcessor  : Stopping beans in phase 0
2017-09-07 15:02:40.147  INFO 55009 --- [       Thread-6] o.s.j.e.a.AnnotationMBeanExporter        : Unregistering JMX-exposed beans on shutdown
